<?xml version="1.0" encoding="UTF-8"?>
<!-- Generated by org.testng.reporters.JUnitReportReporter -->
<testsuite hostname="LAPTOP" failures="0" tests="1" name="com.qalegend.testscripts.ProfilePageTest" time="15.678" errors="0" timestamp="2023-05-20T12:15:09 IST" skipped="0">
  <testcase classname="com.qalegend.testscripts.ProfilePageTest" name="TC006_profileNameClick" time="15.678"/>
  <system-out/>
</testsuite> <!-- com.qalegend.testscripts.ProfilePageTest -->
