<?xml version="1.0" encoding="UTF-8"?>
<!-- Generated by org.testng.reporters.JUnitReportReporter -->
<testsuite hostname="LAPTOP" failures="0" tests="2" name="com.qalegend.testscripts.ForgetPasswordTest" time="7.848" errors="0" timestamp="2023-05-20T12:27:08 IST" skipped="1">
  <testcase classname="com.qalegend.testscripts.ForgetPasswordTest" name="TC006_EmailSend" time="7.848"/>
  <system-out/>
  <testcase classname="com.qalegend.testscripts.ForgetPasswordTest" name="TC005_verifypasswordresetPageTitle">
    <skipped/>
  </testcase> <!-- TC005_verifypasswordresetPageTitle -->
  <system-out/>
</testsuite> <!-- com.qalegend.testscripts.ForgetPasswordTest -->
